<?xml version="1.0" encoding="UTF-8"?>
<testng-results ignored="0" total="2" passed="2" failed="0" skipped="0">
  <reporter-output>
  </reporter-output>
  <suite started-at="2025-12-05T23:45:13 IST" name="Suite" finished-at="2025-12-05T23:45:50 IST" duration-ms="37593">
    <groups>
      <group name="Master">
        <method signature="TC1_LogingTest.verify_Lonin()[pri:0, instance:TestCase.TC1_LogingTest@4d9ac0b4]" name="verify_Lonin" class="TestCase.TC1_LogingTest"/>
        <method signature="TC2_PMITest.addEployee()[pri:0, instance:TestCase.TC2_PMITest@3da05287]" name="addEployee" class="TestCase.TC2_PMITest"/>
      </group> <!-- Master -->
      <group name="Sanity">
        <method signature="TC1_LogingTest.verify_Lonin()[pri:0, instance:TestCase.TC1_LogingTest@4d9ac0b4]" name="verify_Lonin" class="TestCase.TC1_LogingTest"/>
      </group> <!-- Sanity -->
      <group name="Regression">
        <method signature="TC2_PMITest.addEployee()[pri:0, instance:TestCase.TC2_PMITest@3da05287]" name="addEployee" class="TestCase.TC2_PMITest"/>
      </group> <!-- Regression -->
    </groups>
    <test started-at="2025-12-05T23:45:13 IST" name="Test" finished-at="2025-12-05T23:45:50 IST" duration-ms="37593">
      <class name="TestCase.TC2_PMITest">
        <test-method is-config="true" signature="setup(java.lang.String,java.lang.String)[pri:0, instance:TestCase.TC2_PMITest@3da05287]" started-at="2025-12-05T23:45:28 IST" name="setup" finished-at="2025-12-05T23:45:33 IST" duration-ms="4985" status="PASS">
          <params>
            <param index="0">
              <value>
                <![CDATA[Windows]]>
              </value>
            </param>
            <param index="1">
              <value>
                <![CDATA[Edge]]>
              </value>
            </param>
          </params>
          <reporter-output>
          </reporter-output>
        </test-method> <!-- setup -->
        <test-method signature="addEployee()[pri:0, instance:TestCase.TC2_PMITest@3da05287]" started-at="2025-12-05T23:45:33 IST" name="addEployee" finished-at="2025-12-05T23:45:50 IST" duration-ms="16870" status="PASS">
          <reporter-output>
          </reporter-output>
        </test-method> <!-- addEployee -->
        <test-method is-config="true" signature="tearDown()[pri:0, instance:TestCase.TC2_PMITest@3da05287]" started-at="2025-12-05T23:45:50 IST" name="tearDown" finished-at="2025-12-05T23:45:50 IST" duration-ms="285" status="PASS">
          <reporter-output>
          </reporter-output>
        </test-method> <!-- tearDown -->
      </class> <!-- TestCase.TC2_PMITest -->
      <class name="TestCase.TC1_LogingTest">
        <test-method is-config="true" signature="setup(java.lang.String,java.lang.String)[pri:0, instance:TestCase.TC1_LogingTest@4d9ac0b4]" started-at="2025-12-05T23:45:14 IST" name="setup" finished-at="2025-12-05T23:45:25 IST" duration-ms="11075" status="PASS">
          <params>
            <param index="0">
              <value>
                <![CDATA[Windows]]>
              </value>
            </param>
            <param index="1">
              <value>
                <![CDATA[Edge]]>
              </value>
            </param>
          </params>
          <reporter-output>
          </reporter-output>
        </test-method> <!-- setup -->
        <test-method signature="verify_Lonin()[pri:0, instance:TestCase.TC1_LogingTest@4d9ac0b4]" started-at="2025-12-05T23:45:25 IST" name="verify_Lonin" finished-at="2025-12-05T23:45:28 IST" duration-ms="2499" status="PASS">
          <reporter-output>
          </reporter-output>
        </test-method> <!-- verify_Lonin -->
        <test-method is-config="true" signature="tearDown()[pri:0, instance:TestCase.TC1_LogingTest@4d9ac0b4]" started-at="2025-12-05T23:45:28 IST" name="tearDown" finished-at="2025-12-05T23:45:28 IST" duration-ms="342" status="PASS">
          <reporter-output>
          </reporter-output>
        </test-method> <!-- tearDown -->
      </class> <!-- TestCase.TC1_LogingTest -->
    </test> <!-- Test -->
  </suite> <!-- Suite -->
</testng-results>
