<?xml version="1.0" encoding="UTF-8"?>
<testng-results ignored="0" total="2" passed="2" failed="0" skipped="0">
  <reporter-output>
  </reporter-output>
  <suite started-at="2025-11-06T12:00:38 IST" name="Suite" finished-at="2025-11-06T12:01:05 IST" duration-ms="27293">
    <groups>
      <group name="Master">
        <method signature="TC1_LogingTest.verify_Lonin()[pri:0, instance:TestCase.TC1_LogingTest@4d9ac0b4]" name="verify_Lonin" class="TestCase.TC1_LogingTest"/>
        <method signature="TC2_PMITest.addEployee()[pri:0, instance:TestCase.TC2_PMITest@3da05287]" name="addEployee" class="TestCase.TC2_PMITest"/>
      </group> <!-- Master -->
      <group name="Sanity">
        <method signature="TC1_LogingTest.verify_Lonin()[pri:0, instance:TestCase.TC1_LogingTest@4d9ac0b4]" name="verify_Lonin" class="TestCase.TC1_LogingTest"/>
      </group> <!-- Sanity -->
      <group name="Regression">
        <method signature="TC2_PMITest.addEployee()[pri:0, instance:TestCase.TC2_PMITest@3da05287]" name="addEployee" class="TestCase.TC2_PMITest"/>
      </group> <!-- Regression -->
    </groups>
    <test started-at="2025-11-06T12:00:38 IST" name="Test" finished-at="2025-11-06T12:01:05 IST" duration-ms="27293">
      <class name="TestCase.TC2_PMITest">
        <test-method is-config="true" signature="setup(java.lang.String,java.lang.String)[pri:0, instance:TestCase.TC2_PMITest@3da05287]" started-at="2025-11-06T12:00:45 IST" name="setup" finished-at="2025-11-06T12:00:49 IST" duration-ms="4223" status="PASS">
          <params>
            <param index="0">
              <value>
                <![CDATA[Windows]]>
              </value>
            </param>
            <param index="1">
              <value>
                <![CDATA[Edge]]>
              </value>
            </param>
          </params>
          <reporter-output>
          </reporter-output>
        </test-method> <!-- setup -->
        <test-method signature="addEployee()[pri:0, instance:TestCase.TC2_PMITest@3da05287]" started-at="2025-11-06T12:00:49 IST" name="addEployee" finished-at="2025-11-06T12:01:05 IST" duration-ms="15138" status="PASS">
          <reporter-output>
          </reporter-output>
        </test-method> <!-- addEployee -->
        <test-method is-config="true" signature="tearDown()[pri:0, instance:TestCase.TC2_PMITest@3da05287]" started-at="2025-11-06T12:01:05 IST" name="tearDown" finished-at="2025-11-06T12:01:05 IST" duration-ms="373" status="PASS">
          <reporter-output>
          </reporter-output>
        </test-method> <!-- tearDown -->
      </class> <!-- TestCase.TC2_PMITest -->
      <class name="TestCase.TC1_LogingTest">
        <test-method is-config="true" signature="setup(java.lang.String,java.lang.String)[pri:0, instance:TestCase.TC1_LogingTest@4d9ac0b4]" started-at="2025-11-06T12:00:38 IST" name="setup" finished-at="2025-11-06T12:00:43 IST" duration-ms="5007" status="PASS">
          <params>
            <param index="0">
              <value>
                <![CDATA[Windows]]>
              </value>
            </param>
            <param index="1">
              <value>
                <![CDATA[Edge]]>
              </value>
            </param>
          </params>
          <reporter-output>
          </reporter-output>
        </test-method> <!-- setup -->
        <test-method signature="verify_Lonin()[pri:0, instance:TestCase.TC1_LogingTest@4d9ac0b4]" started-at="2025-11-06T12:00:43 IST" name="verify_Lonin" finished-at="2025-11-06T12:00:45 IST" duration-ms="1877" status="PASS">
          <reporter-output>
          </reporter-output>
        </test-method> <!-- verify_Lonin -->
        <test-method is-config="true" signature="tearDown()[pri:0, instance:TestCase.TC1_LogingTest@4d9ac0b4]" started-at="2025-11-06T12:00:45 IST" name="tearDown" finished-at="2025-11-06T12:00:45 IST" duration-ms="264" status="PASS">
          <reporter-output>
          </reporter-output>
        </test-method> <!-- tearDown -->
      </class> <!-- TestCase.TC1_LogingTest -->
    </test> <!-- Test -->
  </suite> <!-- Suite -->
</testng-results>
